app/build/outputs/logs/manifest-merger-debug-report.txt
-- Merging decision tree log ---
manifest
ADDED from src/main/AndroidManifest.xml:2:1-105:12
	xmlns:android
		ADDED from src/main/AndroidManifest.xml:2:11-69
	package
		ADDED from src/main/AndroidManifest.xml:3:5-42
		INJECTED from src/main/AndroidManifest.xml
		INJECTED from src/main/AndroidManifest.xml
	android:versionName
		INJECTED from src/main/AndroidManifest.xml
		INJECTED from src/main/AndroidManifest.xml
	android:versionCode
		INJECTED from src/main/AndroidManifest.xml
		INJECTED from src/main/AndroidManifest.xml
uses-sdk
ADDED from src/main/AndroidManifest.xml:5:5-7:41
MERGED from [com.android.support:appcompat-v7:23.1.0] AndroidManifest.xml:20:5-43
MERGED from [com.android.support:support-v4:23.1.0] AndroidManifest.xml:20:5-43
MERGED from [com.android.support:design:23.1.0] AndroidManifest.xml:20:5-43
MERGED from [com.android.support:appcompat-v7:23.1.0] AndroidManifest.xml:20:5-43
MERGED from [com.android.support:support-v4:23.1.0] AndroidManifest.xml:20:5-43
MERGED from [com.android.support:recyclerview-v7:23.1.0] AndroidManifest.xml:20:5-43
MERGED from [com.android.support:support-v4:23.1.0] AndroidManifest.xml:20:5-43
MERGED from [com.android.support:support-v4:23.1.0] AndroidManifest.xml:20:5-43
MERGED from [com.davemorrissey.labs:subsampling-scale-image-view:3.4.1] AndroidManifest.xml:7:5-9:41
	android:targetSdkVersion
		ADDED from src/main/AndroidManifest.xml:7:9-38
		INJECTED from src/main/AndroidManifest.xml
		INJECTED from src/main/AndroidManifest.xml
	android:minSdkVersion
		ADDED from src/main/AndroidManifest.xml:6:9-35
		INJECTED from src/main/AndroidManifest.xml
		INJECTED from src/main/AndroidManifest.xml
application
ADDED from src/main/AndroidManifest.xml:9:5-103:19
MERGED from [com.android.support:appcompat-v7:23.1.0] AndroidManifest.xml:22:5-20
MERGED from [com.android.support:support-v4:23.1.0] AndroidManifest.xml:22:5-20
MERGED from [com.android.support:design:23.1.0] AndroidManifest.xml:22:5-20
MERGED from [com.android.support:appcompat-v7:23.1.0] AndroidManifest.xml:22:5-20
MERGED from [com.android.support:support-v4:23.1.0] AndroidManifest.xml:22:5-20
MERGED from [com.android.support:support-v4:23.1.0] AndroidManifest.xml:22:5-20
MERGED from [com.android.support:support-v4:23.1.0] AndroidManifest.xml:22:5-20
	android:label
		ADDED from src/main/AndroidManifest.xml:12:9-41
	android:allowBackup
		ADDED from src/main/AndroidManifest.xml:10:9-35
	android:icon
		ADDED from src/main/AndroidManifest.xml:11:9-40
	android:theme
		ADDED from src/main/AndroidManifest.xml:13:9-47
activity#com.umn_11110110122.umntour.LauncherActivity
ADDED from src/main/AndroidManifest.xml:14:9-24:20
	android:screenOrientation
		ADDED from src/main/AndroidManifest.xml:18:13-50
	android:label
		ADDED from src/main/AndroidManifest.xml:16:13-45
	android:theme
		ADDED from src/main/AndroidManifest.xml:17:13-47
	android:name
		ADDED from src/main/AndroidManifest.xml:15:13-45
intent-filter#android.intent.action.MAIN+android.intent.category.LAUNCHER
ADDED from src/main/AndroidManifest.xml:19:13-23:29
action#android.intent.action.MAIN
ADDED from src/main/AndroidManifest.xml:20:17-69
	android:name
		ADDED from src/main/AndroidManifest.xml:20:25-66
category#android.intent.category.LAUNCHER
ADDED from src/main/AndroidManifest.xml:22:17-77
	android:name
		ADDED from src/main/AndroidManifest.xml:22:27-74
activity#com.umn_11110110122.umntour.MainActivity
ADDED from src/main/AndroidManifest.xml:25:9-30:20
	android:screenOrientation
		ADDED from src/main/AndroidManifest.xml:28:13-50
	android:label
		ADDED from src/main/AndroidManifest.xml:27:13-45
	android:theme
		ADDED from src/main/AndroidManifest.xml:29:13-80
	android:name
		ADDED from src/main/AndroidManifest.xml:26:13-41
activity#com.umn_11110110122.umntour.RearGateLeftActivity
ADDED from src/main/AndroidManifest.xml:31:9-36:20
	android:screenOrientation
		ADDED from src/main/AndroidManifest.xml:34:13-50
	android:label
		ADDED from src/main/AndroidManifest.xml:33:13-66
	android:theme
		ADDED from src/main/AndroidManifest.xml:35:13-80
	android:name
		ADDED from src/main/AndroidManifest.xml:32:13-49
activity#com.umn_11110110122.umntour.MedicalCenterActivity
ADDED from src/main/AndroidManifest.xml:37:9-42:20
	android:screenOrientation
		ADDED from src/main/AndroidManifest.xml:40:13-50
	android:label
		ADDED from src/main/AndroidManifest.xml:39:13-66
	android:theme
		ADDED from src/main/AndroidManifest.xml:41:13-80
	android:name
		ADDED from src/main/AndroidManifest.xml:38:13-50
activity#com.umn_11110110122.umntour.RearMedicalCenterActivity
ADDED from src/main/AndroidManifest.xml:43:9-48:20
	android:screenOrientation
		ADDED from src/main/AndroidManifest.xml:46:13-50
	android:label
		ADDED from src/main/AndroidManifest.xml:45:13-71
	android:theme
		ADDED from src/main/AndroidManifest.xml:47:13-80
	android:name
		ADDED from src/main/AndroidManifest.xml:44:13-54
activity#com.umn_11110110122.umntour.CorridorActivity
ADDED from src/main/AndroidManifest.xml:49:9-54:20
	android:screenOrientation
		ADDED from src/main/AndroidManifest.xml:52:13-50
	android:label
		ADDED from src/main/AndroidManifest.xml:51:13-60
	android:theme
		ADDED from src/main/AndroidManifest.xml:53:13-80
	android:name
		ADDED from src/main/AndroidManifest.xml:50:13-45
activity#com.umn_11110110122.umntour.RearGateRightActivity
ADDED from src/main/AndroidManifest.xml:55:9-60:20
	android:screenOrientation
		ADDED from src/main/AndroidManifest.xml:58:13-50
	android:label
		ADDED from src/main/AndroidManifest.xml:57:13-67
	android:theme
		ADDED from src/main/AndroidManifest.xml:59:13-80
	android:name
		ADDED from src/main/AndroidManifest.xml:56:13-50
activity#com.umn_11110110122.umntour.LobbyRightActivity
ADDED from src/main/AndroidManifest.xml:61:9-66:20
	android:screenOrientation
		ADDED from src/main/AndroidManifest.xml:64:13-50
	android:label
		ADDED from src/main/AndroidManifest.xml:63:13-63
	android:theme
		ADDED from src/main/AndroidManifest.xml:65:13-80
	android:name
		ADDED from src/main/AndroidManifest.xml:62:13-47
activity#com.umn_11110110122.umntour.LobbyCenterActivity
ADDED from src/main/AndroidManifest.xml:67:9-72:20
	android:screenOrientation
		ADDED from src/main/AndroidManifest.xml:70:13-50
	android:label
		ADDED from src/main/AndroidManifest.xml:69:13-64
	android:theme
		ADDED from src/main/AndroidManifest.xml:71:13-80
	android:name
		ADDED from src/main/AndroidManifest.xml:68:13-48
activity#com.umn_11110110122.umntour.LobbyLeftActivity
ADDED from src/main/AndroidManifest.xml:73:9-78:20
	android:screenOrientation
		ADDED from src/main/AndroidManifest.xml:76:13-50
	android:label
		ADDED from src/main/AndroidManifest.xml:75:13-62
	android:theme
		ADDED from src/main/AndroidManifest.xml:77:13-80
	android:name
		ADDED from src/main/AndroidManifest.xml:74:13-46
activity#com.umn_11110110122.umntour.LiftAreaActivity
ADDED from src/main/AndroidManifest.xml:79:9-84:20
	android:screenOrientation
		ADDED from src/main/AndroidManifest.xml:82:13-50
	android:label
		ADDED from src/main/AndroidManifest.xml:81:13-61
	android:theme
		ADDED from src/main/AndroidManifest.xml:83:13-80
	android:name
		ADDED from src/main/AndroidManifest.xml:80:13-45
activity#com.umn_11110110122.umntour.BaukActivity
ADDED from src/main/AndroidManifest.xml:85:9-90:20
	android:screenOrientation
		ADDED from src/main/AndroidManifest.xml:88:13-50
	android:label
		ADDED from src/main/AndroidManifest.xml:87:13-56
	android:theme
		ADDED from src/main/AndroidManifest.xml:89:13-80
	android:name
		ADDED from src/main/AndroidManifest.xml:86:13-41
activity#com.umn_11110110122.umntour.BaakActivity
ADDED from src/main/AndroidManifest.xml:91:9-96:20
	android:screenOrientation
		ADDED from src/main/AndroidManifest.xml:94:13-50
	android:label
		ADDED from src/main/AndroidManifest.xml:93:13-56
	android:theme
		ADDED from src/main/AndroidManifest.xml:95:13-80
	android:name
		ADDED from src/main/AndroidManifest.xml:92:13-41
activity#com.umn_11110110122.umntour.FhActivity
ADDED from src/main/AndroidManifest.xml:97:9-102:20
	android:screenOrientation
		ADDED from src/main/AndroidManifest.xml:100:13-50
	android:label
		ADDED from src/main/AndroidManifest.xml:99:13-54
	android:theme
		ADDED from src/main/AndroidManifest.xml:101:13-80
	android:name
		ADDED from src/main/AndroidManifest.xml:98:13-39